pruebaGaleria/app/build/intermediates/manifest_merge_blame_file/debug/manifest-merger-blame-debug-report.txt
1<?xml version="1.0" encoding="utf-8"?>
2<manifest xmlns:android="http://schemas.android.com/apk/res/android"
3    package="com.example.reproductormultimedia"
4    android:versionCode="1"
5    android:versionName="1.0" >
6
7    <uses-sdk
8        android:minSdkVersion="30"
8-->src\main\AndroidManifest.xml
9        android:targetSdkVersion="26" />
9-->src\main\AndroidManifest.xml
10
11    <uses-permission android:name="android.permission.INTERNET" />
11-->src\main\AndroidManifest.xml:5:5-67
11-->src\main\AndroidManifest.xml:5:22-64
12
13    <!-- Include required permissions for Google Maps API to run. -->
14    <uses-permission android:name="android.permission.ACCESS_NETWORK_STATE" />
14-->[com.google.android.gms:play-services-maps:18.0.2] AndroidManifest.xml:23:5-79
14-->[com.google.android.gms:play-services-maps:18.0.2] AndroidManifest.xml:23:22-76
15
16    <uses-feature
16-->[com.google.android.gms:play-services-maps:18.0.2] AndroidManifest.xml:26:5-28:35
17        android:glEsVersion="0x00020000"
17-->[com.google.android.gms:play-services-maps:18.0.2] AndroidManifest.xml:27:9-41
18        android:required="true" />
18-->[com.google.android.gms:play-services-maps:18.0.2] AndroidManifest.xml:28:9-32
19
20    <queries>
20-->[com.google.android.gms:play-services-maps:18.0.2] AndroidManifest.xml:30:5-34:15
21
22        <!-- Needs to be explicitly declared on Android R+ -->
23        <package android:name="com.google.android.apps.maps" />
23-->[com.google.android.gms:play-services-maps:18.0.2] AndroidManifest.xml:33:9-64
23-->[com.google.android.gms:play-services-maps:18.0.2] AndroidManifest.xml:33:18-61
24    </queries>
25
26    <permission
26-->[androidx.core:core:1.9.0] AndroidManifest.xml:22:5-24:47
27        android:name="com.example.reproductormultimedia.DYNAMIC_RECEIVER_NOT_EXPORTED_PERMISSION"
27-->[androidx.core:core:1.9.0] AndroidManifest.xml:23:9-81
28        android:protectionLevel="signature" />
28-->[androidx.core:core:1.9.0] AndroidManifest.xml:24:9-44
29
30    <uses-permission android:name="com.example.reproductormultimedia.DYNAMIC_RECEIVER_NOT_EXPORTED_PERMISSION" />
30-->[androidx.core:core:1.9.0] AndroidManifest.xml:26:5-97
30-->[androidx.core:core:1.9.0] AndroidManifest.xml:26:22-94
31
32    <application
32-->src\main\AndroidManifest.xml:7:5-59:19
33        android:allowBackup="true"
33-->src\main\AndroidManifest.xml:8:9-35
34        android:appComponentFactory="androidx.core.app.CoreComponentFactory"
34-->[androidx.core:core:1.9.0] AndroidManifest.xml:28:18-86
35        android:dataExtractionRules="@xml/data_extraction_rules"
35-->src\main\AndroidManifest.xml:9:9-65
36        android:debuggable="true"
37        android:extractNativeLibs="false"
38        android:fullBackupContent="@xml/backup_rules"
38-->src\main\AndroidManifest.xml:10:9-54
39        android:icon="@mipmap/ic_launcher"
39-->src\main\AndroidManifest.xml:11:9-43
40        android:label="@string/app_name"
40-->src\main\AndroidManifest.xml:12:9-41
41        android:supportsRtl="true"
41-->src\main\AndroidManifest.xml:13:9-35
42        android:testOnly="true"
43        android:theme="@style/Theme.PruebaGaleria" >
43-->src\main\AndroidManifest.xml:14:9-51
44
45        <!--
46             TODO: Before you run your application, you need a Google Maps API key.
47
48             To get one, follow the directions here:
49
50                https://developers.google.com/maps/documentation/android-sdk/get-api-key
51
52             Once you have your API key (it starts with "AIza"), define a new property in your
53             project's local.properties file (e.g. MAPS_API_KEY=Aiza...), and replace the
54             "YOUR_API_KEY" string in this file with "${MAPS_API_KEY}".
55        -->
56        <meta-data
56-->src\main\AndroidManifest.xml:28:9-30:44
57            android:name="com.google.android.geo.API_KEY"
57-->src\main\AndroidManifest.xml:29:13-58
58            android:value="YOUR_API_KEY" />
58-->src\main\AndroidManifest.xml:30:13-41
59
60        <activity
60-->src\main\AndroidManifest.xml:32:9-38:20
61            android:name="com.example.pruebagaleria.VideoActivity"
61-->src\main\AndroidManifest.xml:33:13-42
62            android:exported="false" >
62-->src\main\AndroidManifest.xml:34:13-37
63            <meta-data
63-->src\main\AndroidManifest.xml:35:13-37:36
64                android:name="android.app.lib_name"
64-->src\main\AndroidManifest.xml:36:17-52
65                android:value="" />
65-->src\main\AndroidManifest.xml:37:17-33
66        </activity>
67        <activity
67-->src\main\AndroidManifest.xml:39:9-45:20
68            android:name="com.example.pruebagaleria.AudioActivity"
68-->src\main\AndroidManifest.xml:40:13-42
69            android:exported="false" >
69-->src\main\AndroidManifest.xml:41:13-37
70            <meta-data
70-->src\main\AndroidManifest.xml:35:13-37:36
71                android:name="android.app.lib_name"
71-->src\main\AndroidManifest.xml:36:17-52
72                android:value="" />
72-->src\main\AndroidManifest.xml:37:17-33
73        </activity>
74        <activity
74-->src\main\AndroidManifest.xml:46:9-58:20
75            android:name="com.example.pruebagaleria.MainActivity"
75-->src\main\AndroidManifest.xml:47:13-41
76            android:exported="true" >
76-->src\main\AndroidManifest.xml:48:13-36
77            <intent-filter>
77-->src\main\AndroidManifest.xml:49:13-53:29
78                <action android:name="android.intent.action.MAIN" />
78-->src\main\AndroidManifest.xml:50:17-69
78-->src\main\AndroidManifest.xml:50:25-66
79
80                <category android:name="android.intent.category.LAUNCHER" />
80-->src\main\AndroidManifest.xml:52:17-77
80-->src\main\AndroidManifest.xml:52:27-74
81            </intent-filter>
82
83            <meta-data
83-->src\main\AndroidManifest.xml:35:13-37:36
84                android:name="android.app.lib_name"
84-->src\main\AndroidManifest.xml:36:17-52
85                android:value="" />
85-->src\main\AndroidManifest.xml:37:17-33
86        </activity>
87
88        <provider
88-->[com.squareup.picasso:picasso:2.8] AndroidManifest.xml:8:9-11:40
89            android:name="com.squareup.picasso.PicassoProvider"
89-->[com.squareup.picasso:picasso:2.8] AndroidManifest.xml:9:13-64
90            android:authorities="com.example.reproductormultimedia.com.squareup.picasso"
90-->[com.squareup.picasso:picasso:2.8] AndroidManifest.xml:10:13-72
91            android:exported="false" /> <!-- Needs to be explicitly declared on P+ -->
91-->[com.squareup.picasso:picasso:2.8] AndroidManifest.xml:11:13-37
92        <uses-library
92-->[com.google.android.gms:play-services-maps:18.0.2] AndroidManifest.xml:39:9-41:40
93            android:name="org.apache.http.legacy"
93-->[com.google.android.gms:play-services-maps:18.0.2] AndroidManifest.xml:40:13-50
94            android:required="false" />
94-->[com.google.android.gms:play-services-maps:18.0.2] AndroidManifest.xml:41:13-37
95
96        <activity
96-->[com.google.android.gms:play-services-base:18.0.1] AndroidManifest.xml:20:9-22:45
97            android:name="com.google.android.gms.common.api.GoogleApiActivity"
97-->[com.google.android.gms:play-services-base:18.0.1] AndroidManifest.xml:20:19-85
98            android:exported="false"
98-->[com.google.android.gms:play-services-base:18.0.1] AndroidManifest.xml:22:19-43
99            android:theme="@android:style/Theme.Translucent.NoTitleBar" />
99-->[com.google.android.gms:play-services-base:18.0.1] AndroidManifest.xml:21:19-78
100
101        <meta-data
101-->[com.google.android.gms:play-services-basement:18.0.0] AndroidManifest.xml:21:9-23:69
102            android:name="com.google.android.gms.version"
102-->[com.google.android.gms:play-services-basement:18.0.0] AndroidManifest.xml:22:13-58
103            android:value="@integer/google_play_services_version" />
103-->[com.google.android.gms:play-services-basement:18.0.0] AndroidManifest.xml:23:13-66
104
105        <provider
105-->[androidx.emoji2:emoji2:1.2.0] AndroidManifest.xml:24:9-32:20
106            android:name="androidx.startup.InitializationProvider"
106-->[androidx.emoji2:emoji2:1.2.0] AndroidManifest.xml:25:13-67
107            android:authorities="com.example.reproductormultimedia.androidx-startup"
107-->[androidx.emoji2:emoji2:1.2.0] AndroidManifest.xml:26:13-68
108            android:exported="false" >
108-->[androidx.emoji2:emoji2:1.2.0] AndroidManifest.xml:27:13-37
109            <meta-data
109-->[androidx.emoji2:emoji2:1.2.0] AndroidManifest.xml:29:13-31:52
110                android:name="androidx.emoji2.text.EmojiCompatInitializer"
110-->[androidx.emoji2:emoji2:1.2.0] AndroidManifest.xml:30:17-75
111                android:value="androidx.startup" />
111-->[androidx.emoji2:emoji2:1.2.0] AndroidManifest.xml:31:17-49
112            <meta-data
112-->[androidx.lifecycle:lifecycle-process:2.4.1] AndroidManifest.xml:31:13-33:52
113                android:name="androidx.lifecycle.ProcessLifecycleInitializer"
113-->[androidx.lifecycle:lifecycle-process:2.4.1] AndroidManifest.xml:32:17-78
114                android:value="androidx.startup" />
114-->[androidx.lifecycle:lifecycle-process:2.4.1] AndroidManifest.xml:33:17-49
115        </provider>
116    </application>
117
118</manifest>